12:50:27 **** Rebuild of configuration Debug for project Blackjack ****
Info: Internal Builder is used for build
g++ -O0 -g3 -Wall -c -fmessage-length=0 -o "src\\Blackjack.o" "..\\src\\Blackjack.cpp" 
g++ -o Blackjack.exe "src\\Blackjack.o" 
Info: Nothing to build for Blackjack
12:52:50 **** Incremental Build of configuration Debug for project Blackjack ****
Info: Internal Builder is used for build
g++ -O0 -g3 -Wall -c -fmessage-length=0 -o "src\\Blackjack.o" "..\\src\\Blackjack.cpp" 
g++ -o Blackjack.exe "src\\Blackjack.o" 
12:53:03 **** Incremental Build of configuration Debug for project Blackjack ****
Info: Internal Builder is used for build
g++ -O0 -g3 -Wall -c -fmessage-length=0 -o "src\\Blackjack.o" "..\\src\\Blackjack.cpp" 
g++ -o Blackjack.exe "src\\Blackjack.o" 
12:54:44 **** Incremental Build of configuration Debug for project Blackjack ****
Info: Internal Builder is used for build
g++ -O0 -g3 -Wall -c -fmessage-length=0 -o "src\\Blackjack.o" "..\\src\\Blackjack.cpp" 
g++ -o Blackjack.exe "src\\Blackjack.o" 
12:55:15 **** Incremental Build of configuration Debug for project Blackjack ****
Info: Internal Builder is used for build
g++ -O0 -g3 -Wall -c -fmessage-length=0 -o "src\\Blackjack.o" "..\\src\\Blackjack.cpp" 
g++ -o Blackjack.exe "src\\Blackjack.o" 
12:58:51 **** Incremental Build of configuration Debug for project Blackjack ****
Info: Internal Builder is used for build
g++ -O0 -g3 -Wall -c -fmessage-length=0 -o "src\\Blackjack.o" "..\\src\\Blackjack.cpp" 
g++ -o Blackjack.exe "src\\Blackjack.o" 
Info: Nothing to build for Blackjack
Info: Nothing to build for Blackjack
13:02:09 **** Incremental Build of configuration Debug for project Blackjack ****
Info: Internal Builder is used for build
g++ -O0 -g3 -Wall -c -fmessage-length=0 -o "src\\Blackjack.o" "..\\src\\Blackjack.cpp" 
g++ -o Blackjack.exe "src\\Blackjack.o" 
13:58:29 **** Incremental Build of configuration Debug for project Blackjack ****
Info: Internal Builder is used for build
g++ -O0 -g3 -Wall -c -fmessage-length=0 -o "src\\Blackjack.o" "..\\src\\Blackjack.cpp" 
g++ -o Blackjack.exe "src\\Blackjack.o" 
14:00:06 **** Incremental Build of configuration Debug for project Blackjack ****
Info: Internal Builder is used for build
g++ -O0 -g3 -Wall -c -fmessage-length=0 -o "src\\Blackjack.o" "..\\src\\Blackjack.cpp" 
g++ -o Blackjack.exe "src\\Blackjack.o" 
14:00:51 **** Incremental Build of configuration Debug for project Blackjack ****
Info: Internal Builder is used for build
g++ -O0 -g3 -Wall -c -fmessage-length=0 -o "src\\Blackjack.o" "..\\src\\Blackjack.cpp" 
g++ -o Blackjack.exe "src\\Blackjack.o" 
14:01:59 **** Incremental Build of configuration Debug for project Blackjack ****
Info: Internal Builder is used for build
g++ -O0 -g3 -Wall -c -fmessage-length=0 -o "src\\Blackjack.o" "..\\src\\Blackjack.cpp" 
g++ -o Blackjack.exe "src\\Blackjack.o" 
14:18:57 **** Incremental Build of configuration Debug for project Blackjack ****
Info: Internal Builder is used for build
g++ -O0 -g3 -Wall -c -fmessage-length=0 -o "src\\Blackjack.o" "..\\src\\Blackjack.cpp" 
g++ -o Blackjack.exe "src\\Blackjack.o" 
16:30:29 **** Incremental Build of configuration Debug for project Blackjack ****
Info: Internal Builder is used for build
g++ -O0 -g3 -Wall -c -fmessage-length=0 -o "src\\Blackjack.o" "..\\src\\Blackjack.cpp" 
g++ -o Blackjack.exe "src\\Blackjack.o" 
Info: Nothing to build for Blackjack
16:36:33 **** Incremental Build of configuration Debug for project Blackjack ****
Info: Internal Builder is used for build
g++ -O0 -g3 -Wall -c -fmessage-length=0 -o "src\\Blackjack.o" "..\\src\\Blackjack.cpp" 
g++ -o Blackjack.exe "src\\Blackjack.o" 
16:36:57 **** Incremental Build of configuration Debug for project Blackjack ****
Info: Internal Builder is used for build
g++ -O0 -g3 -Wall -c -fmessage-length=0 -o "src\\Blackjack.o" "..\\src\\Blackjack.cpp" 
g++ -o Blackjack.exe "src\\Blackjack.o" 
16:38:02 **** Incremental Build of configuration Debug for project Blackjack ****
Info: Internal Builder is used for build
g++ -O0 -g3 -Wall -c -fmessage-length=0 -o "src\\Blackjack.o" "..\\src\\Blackjack.cpp" 
g++ -o Blackjack.exe "src\\Blackjack.o" 
16:39:35 **** Incremental Build of configuration Debug for project Blackjack ****
Info: Internal Builder is used for build
g++ -O0 -g3 -Wall -c -fmessage-length=0 -o "src\\Blackjack.o" "..\\src\\Blackjack.cpp" 
g++ -o Blackjack.exe "src\\Blackjack.o" 
16:40:52 **** Incremental Build of configuration Debug for project Blackjack ****
Info: Internal Builder is used for build
g++ -O0 -g3 -Wall -c -fmessage-length=0 -o "src\\Blackjack.o" "..\\src\\Blackjack.cpp" 
g++ -o Blackjack.exe "src\\Blackjack.o" 
16:44:24 **** Incremental Build of configuration Debug for project Blackjack ****
Info: Internal Builder is used for build
g++ -O0 -g3 -Wall -c -fmessage-length=0 -o "src\\Blackjack.o" "..\\src\\Blackjack.cpp" 
g++ -o Blackjack.exe "src\\Blackjack.o" 
16:45:42 **** Incremental Build of configuration Debug for project Blackjack ****
Info: Internal Builder is used for build
g++ -O0 -g3 -Wall -c -fmessage-length=0 -o "src\\Blackjack.o" "..\\src\\Blackjack.cpp" 
g++ -o Blackjack.exe "src\\Blackjack.o" 
Info: Nothing to build for Blackjack
Info: Nothing to build for Blackjack
